This is pdfTeX, Version 3.14159265-2.6-1.40.18 (TeX Live 2017/Debian) (preloaded format=pdflatex 2018.10.14)  28 APR 2019 13:02
entering extended mode
 restricted \write18 enabled.
 %&-line parsing enabled.
**A_wearable_fall-detection_system_based_on_BAN.tex
(./A_wearable_fall-detection_system_based_on_BAN.tex
LaTeX2e <2017-04-15>
Babel <3.18> and hyphenation patterns for 36 language(s) loaded.
(./IEEEtran.cls
Document Class: IEEEtran 2015/08/26 V1.8b by Michael Shell
-- See the "IEEEtran_HOWTO" manual for usage information.
-- http://www.michaelshell.org/tex/ieeetran/
\@IEEEtrantmpdimenA=\dimen102
\@IEEEtrantmpdimenB=\dimen103
\@IEEEtrantmpdimenC=\dimen104
\@IEEEtrantmpcountA=\count79
\@IEEEtrantmpcountB=\count80
\@IEEEtrantmpcountC=\count81
\@IEEEtrantmptoksA=\toks14
LaTeX Font Info:    Try loading font information for OT1+ppl on input line 503.

(/usr/share/texlive/texmf-dist/tex/latex/psnfss/ot1ppl.fd
File: ot1ppl.fd 2001/06/04 font definitions for OT1/ppl.
)
-- Using IEEE Computer Society mode.
-- Using 8.5in x 11in (letter) paper.
-- Using PDF output.
\@IEEEnormalsizeunitybaselineskip=\dimen105
-- This is a 10 point document.
\CLASSINFOnormalsizebaselineskip=\dimen106
\CLASSINFOnormalsizeunitybaselineskip=\dimen107
\IEEEnormaljot=\dimen108
LaTeX Font Info:    Font shape `OT1/ppl/bx/n' in size <5.01874> not available
(Font)              Font shape `OT1/ppl/b/n' tried instead on input line 1090.
LaTeX Font Info:    Font shape `OT1/ppl/bx/it' in size <5.01874> not available
(Font)              Font shape `OT1/ppl/b/it' tried instead on input line 1090.

LaTeX Font Info:    Font shape `OT1/ppl/bx/n' in size <7.02625> not available
(Font)              Font shape `OT1/ppl/b/n' tried instead on input line 1090.
LaTeX Font Info:    Font shape `OT1/ppl/bx/it' in size <7.02625> not available
(Font)              Font shape `OT1/ppl/b/it' tried instead on input line 1090.

LaTeX Font Info:    Font shape `OT1/ppl/bx/n' in size <8.03> not available
(Font)              Font shape `OT1/ppl/b/n' tried instead on input line 1090.
LaTeX Font Info:    Font shape `OT1/ppl/bx/it' in size <8.03> not available
(Font)              Font shape `OT1/ppl/b/it' tried instead on input line 1090.

LaTeX Font Info:    Font shape `OT1/ppl/bx/n' in size <9.03374> not available
(Font)              Font shape `OT1/ppl/b/n' tried instead on input line 1090.
LaTeX Font Info:    Font shape `OT1/ppl/bx/it' in size <9.03374> not available
(Font)              Font shape `OT1/ppl/b/it' tried instead on input line 1090.

LaTeX Font Info:    Font shape `OT1/ppl/bx/n' in size <9.53561> not available
(Font)              Font shape `OT1/ppl/b/n' tried instead on input line 1090.
LaTeX Font Info:    Font shape `OT1/ppl/bx/it' in size <9.53561> not available
(Font)              Font shape `OT1/ppl/b/it' tried instead on input line 1090.

LaTeX Font Info:    Font shape `OT1/ppl/bx/n' in size <11.04124> not available
(Font)              Font shape `OT1/ppl/b/n' tried instead on input line 1090.
LaTeX Font Info:    Font shape `OT1/ppl/bx/it' in size <11.04124> not available

(Font)              Font shape `OT1/ppl/b/it' tried instead on input line 1090.

LaTeX Font Info:    Font shape `OT1/ppl/bx/n' in size <12.045> not available
(Font)              Font shape `OT1/ppl/b/n' tried instead on input line 1090.
LaTeX Font Info:    Font shape `OT1/ppl/bx/it' in size <12.045> not available
(Font)              Font shape `OT1/ppl/b/it' tried instead on input line 1090.

LaTeX Font Info:    Font shape `OT1/ppl/bx/n' in size <17.06374> not available
(Font)              Font shape `OT1/ppl/b/n' tried instead on input line 1090.
LaTeX Font Info:    Font shape `OT1/ppl/bx/it' in size <17.06374> not available

(Font)              Font shape `OT1/ppl/b/it' tried instead on input line 1090.

LaTeX Font Info:    Font shape `OT1/ppl/bx/n' in size <20.075> not available
(Font)              Font shape `OT1/ppl/b/n' tried instead on input line 1090.
LaTeX Font Info:    Font shape `OT1/ppl/bx/it' in size <20.075> not available
(Font)              Font shape `OT1/ppl/b/it' tried instead on input line 1090.

LaTeX Font Info:    Font shape `OT1/ppl/bx/n' in size <24.09> not available
(Font)              Font shape `OT1/ppl/b/n' tried instead on input line 1090.
LaTeX Font Info:    Font shape `OT1/ppl/bx/it' in size <24.09> not available
(Font)              Font shape `OT1/ppl/b/it' tried instead on input line 1090.

\IEEEquantizedlength=\dimen109
\IEEEquantizedlengthdiff=\dimen110
\IEEEquantizedtextheightdiff=\dimen111
\IEEEilabelindentA=\dimen112
\IEEEilabelindentB=\dimen113
\IEEEilabelindent=\dimen114
\IEEEelabelindent=\dimen115
\IEEEdlabelindent=\dimen116
\IEEElabelindent=\dimen117
\IEEEiednormlabelsep=\dimen118
\IEEEiedmathlabelsep=\dimen119
\IEEEiedtopsep=\skip41
\c@section=\count82
\c@subsection=\count83
\c@subsubsection=\count84
\c@paragraph=\count85
\c@IEEEsubequation=\count86
\abovecaptionskip=\skip42
\belowcaptionskip=\skip43
\c@figure=\count87
\c@table=\count88
\@IEEEeqnnumcols=\count89
\@IEEEeqncolcnt=\count90
\@IEEEsubeqnnumrollback=\count91
\@IEEEquantizeheightA=\dimen120
\@IEEEquantizeheightB=\dimen121
\@IEEEquantizeheightC=\dimen122
\@IEEEquantizeprevdepth=\dimen123
\@IEEEquantizemultiple=\count92
\@IEEEquantizeboxA=\box26
\@IEEEtmpitemindent=\dimen124
\IEEEPARstartletwidth=\dimen125
\c@IEEEbiography=\count93
\@IEEEtranrubishbin=\box27
) (/usr/share/texlive/texmf-dist/tex/latex/tabu/tabu.sty
Package: tabu 2011/02/26 v2.8 - flexible LaTeX tabulars (FC)

(/usr/share/texlive/texmf-dist/tex/latex/tools/array.sty
Package: array 2016/10/06 v2.4d Tabular extension package (FMi)
\col@sep=\dimen126
\extrarowheight=\dimen127
\NC@list=\toks15
\extratabsurround=\skip44
\backup@length=\skip45
)
(/usr/share/texlive/texmf-dist/tex/latex/varwidth/varwidth.sty
Package: varwidth 2009/03/30 ver 0.92;  Variable-width minipages
\@vwid@box=\box28
\sift@deathcycles=\count94
\@vwid@loff=\dimen128
\@vwid@roff=\dimen129
)
\c@taburow=\count95
\tabu@nbcols=\count96
\tabu@cnt=\count97
\tabu@Xcol=\count98
\tabu@alloc=\count99
\tabu@nested=\count100
\tabu@target=\dimen130
\tabu@spreadtarget=\dimen131
\tabu@naturalX=\dimen132
\tabucolX=\dimen133
\tabu@Xsum=\dimen134
\extrarowdepth=\dimen135
\abovetabulinesep=\dimen136
\belowtabulinesep=\dimen137
\tabustrutrule=\dimen138
\tabu@thebody=\toks16
\tabu@footnotes=\toks17
\tabu@box=\box29
\tabu@arstrutbox=\box30
\tabu@hleads=\box31
\tabu@vleads=\box32
\tabu@cellskip=\skip46
)
(/usr/share/texlive/texmf-dist/tex/latex/tools/longtable.sty
Package: longtable 2014/10/28 v4.11 Multi-page Table package (DPC)
\LTleft=\skip47
\LTright=\skip48
\LTpre=\skip49
\LTpost=\skip50
\LTchunksize=\count101
\LTcapwidth=\dimen139
\LT@head=\box33
\LT@firsthead=\box34
\LT@foot=\box35
\LT@lastfoot=\box36
\LT@cols=\count102
\LT@rows=\count103
\c@LT@tables=\count104
\c@LT@chunks=\count105
\LT@p@ftn=\toks18
)
(/usr/share/texlive/texmf-dist/tex/latex/tools/tabularx.sty
Package: tabularx 2016/02/03 v2.11 `tabularx' package (DPC)
\TX@col@width=\dimen140
\TX@old@table=\dimen141
\TX@old@col=\dimen142
\TX@target=\dimen143
\TX@delta=\dimen144
\TX@cols=\count106
\TX@ftn=\toks19
)
(/usr/share/texlive/texmf-dist/tex/latex/listings/listings.sty
(/usr/share/texlive/texmf-dist/tex/latex/graphics/keyval.sty
Package: keyval 2014/10/28 v1.15 key=value parser (DPC)
\KV@toks@=\toks20
)
\lst@mode=\count107
\lst@gtempboxa=\box37
\lst@token=\toks21
\lst@length=\count108
\lst@currlwidth=\dimen145
\lst@column=\count109
\lst@pos=\count110
\lst@lostspace=\dimen146
\lst@width=\dimen147
\lst@newlines=\count111
\lst@lineno=\count112
\lst@maxwidth=\dimen148

(/usr/share/texlive/texmf-dist/tex/latex/listings/lstmisc.sty
File: lstmisc.sty 2015/06/04 1.6 (Carsten Heinz)
\c@lstnumber=\count113
\lst@skipnumbers=\count114
\lst@framebox=\box38
)
(/usr/share/texlive/texmf-dist/tex/latex/listings/listings.cfg
File: listings.cfg 2015/06/04 1.6 listings configuration
))
Package: listings 2015/06/04 1.6 (Carsten Heinz)

(/usr/share/texlive/texmf-dist/tex/latex/graphics/color.sty
Package: color 2016/07/10 v1.1e Standard LaTeX Color (DPC)

(/usr/share/texlive/texmf-dist/tex/latex/graphics-cfg/color.cfg
File: color.cfg 2016/01/02 v1.6 sample color configuration
)
Package color Info: Driver file: pdftex.def on input line 147.

(/usr/share/texlive/texmf-dist/tex/latex/graphics-def/pdftex.def
File: pdftex.def 2018/01/08 v1.0l Graphics/color driver for pdftex
))
Package color Info: Redefining color blue on input line 91.

(/usr/share/texlive/texmf-dist/tex/latex/booktabs/booktabs.sty
Package: booktabs 2016/04/27 v1.618033 publication quality tables
\heavyrulewidth=\dimen149
\lightrulewidth=\dimen150
\cmidrulewidth=\dimen151
\belowrulesep=\dimen152
\belowbottomsep=\dimen153
\aboverulesep=\dimen154
\abovetopsep=\dimen155
\cmidrulesep=\dimen156
\cmidrulekern=\dimen157
\defaultaddspace=\dimen158
\@cmidla=\count115
\@cmidlb=\count116
\@aboverulesep=\dimen159
\@belowrulesep=\dimen160
\@thisruleclass=\count117
\@lastruleclass=\count118
\@thisrulewidth=\dimen161
)
(/usr/share/texlive/texmf-dist/tex/latex/url/url.sty
\Urlmuskip=\muskip10
Package: url 2013/09/16  ver 3.4  Verb mode for urls, etc.
)
(/usr/share/texlive/texmf-dist/tex/latex/cite/cite.sty
LaTeX Info: Redefining \cite on input line 302.
LaTeX Info: Redefining \nocite on input line 332.
Package: cite 2015/02/27  v 5.5
)
(/usr/share/texlive/texmf-dist/tex/latex/graphics/graphicx.sty
Package: graphicx 2017/06/01 v1.1a Enhanced LaTeX Graphics (DPC,SPQR)

(/usr/share/texlive/texmf-dist/tex/latex/graphics/graphics.sty
Package: graphics 2017/06/25 v1.2c Standard LaTeX Graphics (DPC,SPQR)

(/usr/share/texlive/texmf-dist/tex/latex/graphics/trig.sty
Package: trig 2016/01/03 v1.10 sin cos tan (DPC)
)
(/usr/share/texlive/texmf-dist/tex/latex/graphics-cfg/graphics.cfg
File: graphics.cfg 2016/06/04 v1.11 sample graphics configuration
)
Package graphics Info: Driver file: pdftex.def on input line 99.
)
\Gin@req@height=\dimen162
\Gin@req@width=\dimen163
)
(/usr/share/texlive/texmf-dist/tex/latex/amsmath/amsmath.sty
Package: amsmath 2017/09/02 v2.17a AMS math features
\@mathmargin=\skip51

For additional information on amsmath, use the `?' option.
(/usr/share/texlive/texmf-dist/tex/latex/amsmath/amstext.sty
Package: amstext 2000/06/29 v2.01 AMS text

(/usr/share/texlive/texmf-dist/tex/latex/amsmath/amsgen.sty
File: amsgen.sty 1999/11/30 v2.0 generic functions
\@emptytoks=\toks22
\ex@=\dimen164
))
(/usr/share/texlive/texmf-dist/tex/latex/amsmath/amsbsy.sty
Package: amsbsy 1999/11/29 v1.2d Bold Symbols
\pmbraise@=\dimen165
)
(/usr/share/texlive/texmf-dist/tex/latex/amsmath/amsopn.sty
Package: amsopn 2016/03/08 v2.02 operator names
)
\inf@bad=\count119
LaTeX Info: Redefining \frac on input line 213.
\uproot@=\count120
\leftroot@=\count121
LaTeX Info: Redefining \overline on input line 375.
\classnum@=\count122
\DOTSCASE@=\count123
LaTeX Info: Redefining \ldots on input line 472.
LaTeX Info: Redefining \dots on input line 475.
LaTeX Info: Redefining \cdots on input line 596.
\Mathstrutbox@=\box39
\strutbox@=\box40
\big@size=\dimen166
LaTeX Font Info:    Redeclaring font encoding OML on input line 712.
LaTeX Font Info:    Redeclaring font encoding OMS on input line 713.
\macc@depth=\count124
\c@MaxMatrixCols=\count125
\dotsspace@=\muskip11
\c@parentequation=\count126
\dspbrk@lvl=\count127
\tag@help=\toks23
\row@=\count128
\column@=\count129
\maxfields@=\count130
\andhelp@=\toks24
\eqnshift@=\dimen167
\alignsep@=\dimen168
\tagshift@=\dimen169
\tagwidth@=\dimen170
\totwidth@=\dimen171
\lineht@=\dimen172
\@envbody=\toks25
\multlinegap=\skip52
\multlinetaggap=\skip53
\mathdisplay@stack=\toks26
LaTeX Info: Redefining \[ on input line 2817.
LaTeX Info: Redefining \] on input line 2818.
)
(./A_wearable_fall-detection_system_based_on_BAN.aux)
\openout1 = `A_wearable_fall-detection_system_based_on_BAN.aux'.

LaTeX Font Info:    Checking defaults for OML/cmm/m/it on input line 377.
LaTeX Font Info:    ... okay on input line 377.
LaTeX Font Info:    Checking defaults for T1/cmr/m/n on input line 377.
LaTeX Font Info:    ... okay on input line 377.
LaTeX Font Info:    Checking defaults for OT1/cmr/m/n on input line 377.
LaTeX Font Info:    ... okay on input line 377.
LaTeX Font Info:    Checking defaults for OMS/cmsy/m/n on input line 377.
LaTeX Font Info:    ... okay on input line 377.
LaTeX Font Info:    Checking defaults for OMX/cmex/m/n on input line 377.
LaTeX Font Info:    ... okay on input line 377.
LaTeX Font Info:    Checking defaults for U/cmr/m/n on input line 377.
LaTeX Font Info:    ... okay on input line 377.

-- Lines per column: 61 (exact).
\c@lstlisting=\count131
(/usr/share/texlive/texmf-dist/tex/context/base/mkii/supp-pdf.mkii
[Loading MPS to PDF converter (version 2006.09.02).]
\scratchcounter=\count132
\scratchdimen=\dimen173
\scratchbox=\box41
\nofMPsegments=\count133
\nofMParguments=\count134
\everyMPshowfont=\toks27
\MPscratchCnt=\count135
\MPscratchDim=\dimen174
\MPnumerator=\count136
\makeMPintoPDFobject=\count137
\everyMPtoPDFconversion=\toks28
) (/usr/share/texlive/texmf-dist/tex/latex/oberdiek/epstopdf-base.sty
Package: epstopdf-base 2016/05/15 v2.6 Base part for package epstopdf

(/usr/share/texlive/texmf-dist/tex/generic/oberdiek/infwarerr.sty
Package: infwarerr 2016/05/16 v1.4 Providing info/warning/error messages (HO)
)
(/usr/share/texlive/texmf-dist/tex/latex/oberdiek/grfext.sty
Package: grfext 2016/05/16 v1.2 Manage graphics extensions (HO)

(/usr/share/texlive/texmf-dist/tex/generic/oberdiek/kvdefinekeys.sty
Package: kvdefinekeys 2016/05/16 v1.4 Define keys (HO)

(/usr/share/texlive/texmf-dist/tex/generic/oberdiek/ltxcmds.sty
Package: ltxcmds 2016/05/16 v1.23 LaTeX kernel commands for general use (HO)
)))
(/usr/share/texlive/texmf-dist/tex/latex/oberdiek/kvoptions.sty
Package: kvoptions 2016/05/16 v3.12 Key value format for package options (HO)

(/usr/share/texlive/texmf-dist/tex/generic/oberdiek/kvsetkeys.sty
Package: kvsetkeys 2016/05/16 v1.17 Key value parser (HO)

(/usr/share/texlive/texmf-dist/tex/generic/oberdiek/etexcmds.sty
Package: etexcmds 2016/05/16 v1.6 Avoid name clashes with e-TeX commands (HO)

(/usr/share/texlive/texmf-dist/tex/generic/oberdiek/ifluatex.sty
Package: ifluatex 2016/05/16 v1.4 Provides the ifluatex switch (HO)
Package ifluatex Info: LuaTeX not detected.
)
Package etexcmds Info: Could not find \expanded.
(etexcmds)             That can mean that you are not using pdfTeX 1.50 or
(etexcmds)             that some package has redefined \expanded.
(etexcmds)             In the latter case, load this package earlier.
)))
(/usr/share/texlive/texmf-dist/tex/generic/oberdiek/pdftexcmds.sty
Package: pdftexcmds 2018/01/21 v0.26 Utility functions of pdfTeX for LuaTeX (HO
)

(/usr/share/texlive/texmf-dist/tex/generic/oberdiek/ifpdf.sty
Package: ifpdf 2017/03/15 v3.2 Provides the ifpdf switch
)
Package pdftexcmds Info: LuaTeX not detected.
Package pdftexcmds Info: \pdf@primitive is available.
Package pdftexcmds Info: \pdf@ifprimitive is available.
Package pdftexcmds Info: \pdfdraftmode found.
)
Package epstopdf-base Info: Redefining graphics rule for `.eps' on input line 4
38.
Package grfext Info: Graphics extension search list:
(grfext)             [.pdf,.jpeg,.png,.eps]
(grfext)             \AppendGraphicsExtensions on input line 456.

(/usr/share/texlive/texmf-dist/tex/latex/latexconfig/epstopdf-sys.cfg
File: epstopdf-sys.cfg 2010/07/13 v1.3 Configuration of (r)epstopdf for TeX Liv
e
))
LaTeX Font Info:    Try loading font information for OT1+phv on input line 493.


(/usr/share/texlive/texmf-dist/tex/latex/psnfss/ot1phv.fd
File: ot1phv.fd 2001/06/04 scalable font definitions for OT1/phv.
)
LaTeX Font Info:    Font shape `OT1/phv/m/it' in size <11.04124> not available
(Font)              Font shape `OT1/phv/m/sl' tried instead on input line 493.
LaTeX Font Info:    Font shape `OT1/phv/bx/n' in size <8.03> not available
(Font)              Font shape `OT1/phv/b/n' tried instead on input line 493.
LaTeX Font Info:    Calculating math sizes for size <11.04124> on input line 49
3.
LaTeX Font Info:    Try loading font information for U+pzd on input line 493.

(/usr/share/texlive/texmf-dist/tex/latex/psnfss/upzd.fd
File: upzd.fd 2001/06/04 font definitions for U/pzd.
)
LaTeX Font Info:    Calculating math sizes for size <8.03> on input line 493.
LaTeX Font Info:    Font shape `OT1/phv/bx/n' in size <11.04124> not available
(Font)              Font shape `OT1/phv/b/n' tried instead on input line 521.
LaTeX Font Info:    Font shape `OT1/phv/bx/sc' in size <11.04124> not available

(Font)              Font shape `OT1/phv/b/sc' tried instead on input line 521.
<Images/EscalationScheme.png, id=1, 789.70032pt x 551.05875pt>
File: Images/EscalationScheme.png Graphic file (type png)
<use Images/EscalationScheme.png>
Package pdftex.def Info: Images/EscalationScheme.png  used on input line 554.
(pdftex.def)             Requested size: 157.93726pt x 110.2098pt.
LaTeX Font Info:    Calculating math sizes for size <9.53561> on input line 564
.

Underfull \vbox (badness 4872) has occurred while \output is active []

 [1{/var/lib/texmf/fonts/map/pdftex/updmap/pdftex.map}


 <./Images/EscalationScheme.png>]
<Images/BasePrototype.png, id=16, 810.02625pt x 754.31813pt>
File: Images/BasePrototype.png Graphic file (type png)
<use Images/BasePrototype.png>
Package pdftex.def Info: Images/BasePrototype.png  used on input line 597.
(pdftex.def)             Requested size: 113.4029pt x 105.60382pt.

[2 <./Images/BasePrototype.png>]
Missing character: There is no Ã in font pplr7t!
Missing character: There is no ¼ in font pplr7t!
Missing character: There is no Ã in font pplr7t!
Missing character: There is no ¼ in font pplr7t!
LaTeX Font Info:    Font shape `OT1/phv/bx/n' in size <9.53561> not available
(Font)              Font shape `OT1/phv/b/n' tried instead on input line 622.
<Images/FallGraph.png, id=24, 283.0575pt x 226.59656pt>
File: Images/FallGraph.png Graphic file (type png)
<use Images/FallGraph.png>
Package pdftex.def Info: Images/FallGraph.png  used on input line 639.
(pdftex.def)             Requested size: 141.5284pt x 113.29799pt.

(/usr/share/texlive/texmf-dist/tex/latex/listings/lstlang1.sty
File: lstlang1.sty 2015/06/04 1.6 listings language file
)
LaTeX Font Info:    Try loading font information for OT1+pcr on input line 660.


(/usr/share/texlive/texmf-dist/tex/latex/psnfss/ot1pcr.fd
File: ot1pcr.fd 2001/06/04 font definitions for OT1/pcr.
)
LaTeX Font Info:    Font shape `OT1/pcr/m/it' in size <8.03> not available
(Font)              Font shape `OT1/pcr/m/sl' tried instead on input line 662.
LaTeX Font Info:    Font shape `OT1/pcr/bx/n' in size <8.03> not available
(Font)              Font shape `OT1/pcr/b/n' tried instead on input line 663.
 [3 <./Images/FallGraph.png>]
<Images/IoT-EGArquitecture.png, id=37, 245.718pt x 327.624pt>
File: Images/IoT-EGArquitecture.png Graphic file (type png)
<use Images/IoT-EGArquitecture.png>
Package pdftex.def Info: Images/IoT-EGArquitecture.png  used on input line 689.

(pdftex.def)             Requested size: 98.28545pt x 131.04727pt.
 (/usr/share/texlive/texmf-dist/tex/latex/listings/lstlang1.sty
File: lstlang1.sty 2015/06/04 1.6 listings language file
)
(/usr/share/texlive/texmf-dist/tex/latex/listings/lstmisc.sty
File: lstmisc.sty 2015/06/04 1.6 (Carsten Heinz)
)
Underfull \hbox (badness 2221) in paragraph at lines 718--722
[]\OT1/ppl/m/n/9.53561 The de-fined event type con-tains three prop-er-ties:
 []


Underfull \hbox (badness 2134) in paragraph at lines 718--722
\OT1/pcr/m/n/9.53561 created_at\OT1/ppl/m/n/9.53561 , \OT1/pcr/m/n/9.53561 entr
y_id \OT1/ppl/m/n/9.53561 and \OT1/pcr/m/n/9.53561 temp\OT1/ppl/m/n/9.53561 . T
hese prop-er-ties
 []

<Images/belt.png, id=38, 823.57687pt x 249.93375pt>
File: Images/belt.png Graphic file (type png)
<use Images/belt.png>
Package pdftex.def Info: Images/belt.png  used on input line 742.
(pdftex.def)             Requested size: 205.8937pt x 62.48328pt.
[4 <./Images/IoT-EGArquitecture.png>]
<Images/axis.png, id=43, 1115.66812pt x 936.49875pt>
File: Images/axis.png Graphic file (type png)
<use Images/axis.png>
Package pdftex.def Info: Images/axis.png  used on input line 761.
(pdftex.def)             Requested size: 189.66107pt x 159.20268pt.
LaTeX Font Info:    Font shape `OT1/phv/m/it' in size <9.53561> not available
(Font)              Font shape `OT1/phv/m/sl' tried instead on input line 778.
<Images/TwoFallsComparative.png, id=44, 1115.16624pt x 662.475pt>
File: Images/TwoFallsComparative.png Graphic file (type png)
<use Images/TwoFallsComparative.png>
Package pdftex.def Info: Images/TwoFallsComparative.png  used on input line 813
.
(pdftex.def)             Requested size: 223.0293pt x 132.49265pt.
 [5 <./Images/belt.png> <./Images/axis.png>] [6 <./Images/TwoFallsComparative.p
ng>]
<Images/IoTTEGFAWGeneratedEvents.png, id=57, 1159.33125pt x 678.535pt>
File: Images/IoTTEGFAWGeneratedEvents.png Graphic file (type png)
<use Images/IoTTEGFAWGeneratedEvents.png>
Package pdftex.def Info: Images/IoTTEGFAWGeneratedEvents.png  used on input lin
e 902.
(pdftex.def)             Requested size: 231.86214pt x 135.70459pt.
<Images/ECG-BAN.png, id=58, 1058.95625pt x 589.20125pt>
File: Images/ECG-BAN.png Graphic file (type png)
<use Images/ECG-BAN.png>
Package pdftex.def Info: Images/ECG-BAN.png  used on input line 912.
(pdftex.def)             Requested size: 180.02017pt x 100.16287pt.
<Images/ECG-Harness.png, id=59, 639.38875pt x 495.8525pt>
File: Images/ECG-Harness.png Graphic file (type png)
<use Images/ECG-Harness.png>
Package pdftex.def Info: Images/ECG-Harness.png  used on input line 924.
(pdftex.def)             Requested size: 127.87547pt x 99.16873pt.
 [7 <./Images/IoTTEGFAWGeneratedEvents.png> <./Images/ECG-BAN.png>]
Package epstopdf Info: Source file: <Images/NormalECG1.eps>
(epstopdf)                    date: 2019-04-28 10:37:46
(epstopdf)                    size: 108550 bytes
(epstopdf)             Output file: <Images/NormalECG1-eps-converted-to.pdf>
(epstopdf)                    date: 2019-04-28 10:37:46
(epstopdf)                    size: 255214 bytes
(epstopdf)             Command: <repstopdf --outfile=Images/NormalECG1-eps-conv
erted-to.pdf Images/NormalECG1.eps>
(epstopdf)             \includegraphics on input line 942.
Package epstopdf Info: Output file is already uptodate.
<Images/NormalECG1-eps-converted-to.pdf, id=66, 1222.5675pt x 704.6325pt>
File: Images/NormalECG1-eps-converted-to.pdf Graphic file (type pdf)
<use Images/NormalECG1-eps-converted-to.pdf>
Package pdftex.def Info: Images/NormalECG1-eps-converted-to.pdf  used on input 
line 942.
(pdftex.def)             Requested size: 256.74675pt x 147.97719pt.

Overfull \hbox (3.80176pt too wide) in paragraph at lines 942--943
 [][] 
 []

[8 <./Images/ECG-Harness.png> <./Images/NormalECG1-eps-converted-to.pdf>]
Package epstopdf Info: Source file: <Images/STAMP_SynchError.eps>
(epstopdf)                    date: 2019-04-28 10:37:46
(epstopdf)                    size: 54970 bytes
(epstopdf)             Output file: <Images/STAMP_SynchError-eps-converted-to.p
df>
(epstopdf)                    date: 2019-04-28 10:37:46
(epstopdf)                    size: 53800 bytes
(epstopdf)             Command: <repstopdf --outfile=Images/STAMP_SynchError-ep
s-converted-to.pdf Images/STAMP_SynchError.eps>
(epstopdf)             \includegraphics on input line 985.
Package epstopdf Info: Output file is already uptodate.
<Images/STAMP_SynchError-eps-converted-to.pdf, id=74, 687.56876pt x 614.295pt>
File: Images/STAMP_SynchError-eps-converted-to.pdf Graphic file (type pdf)
<use Images/STAMP_SynchError-eps-converted-to.pdf>
Package pdftex.def Info: Images/STAMP_SynchError-eps-converted-to.pdf  used on 
input line 985.
(pdftex.def)             Requested size: 254.39645pt x 227.28558pt.

Overfull \hbox (1.45146pt too wide) in paragraph at lines 985--986
 [][] 
 []

Package epstopdf Info: Source file: <Images/STAMP2+3level(3).eps>
(epstopdf)                    date: 2019-04-28 10:37:46
(epstopdf)                    size: 42137 bytes
(epstopdf)             Output file: <Images/STAMP2+3level(3)-eps-converted-to.p
df>
(epstopdf)                    date: 2019-04-28 10:37:46
(epstopdf)                    size: 40667 bytes
(epstopdf)             Command: <repstopdf --outfile=Images/STAMP2+3level(3)-ep
s-converted-to.pdf Images/STAMP2+3level(3).eps>
(epstopdf)             \includegraphics on input line 993.
Package epstopdf Info: Output file is already uptodate.
<Images/STAMP2+3level(3)-eps-converted-to.pdf, id=75, 611.28375pt x 791.95876pt
>
File: Images/STAMP2+3level(3)-eps-converted-to.pdf Graphic file (type pdf)
<use Images/STAMP2+3level(3)-eps-converted-to.pdf>
Package pdftex.def Info: Images/STAMP2+3level(3)-eps-converted-to.pdf  used on 
input line 993.
(pdftex.def)             Requested size: 213.95251pt x 277.18971pt.
Package epstopdf Info: Source file: <Images/STAMP4+5level(2).eps>
(epstopdf)                    date: 2019-04-28 10:37:46
(epstopdf)                    size: 53574 bytes
(epstopdf)             Output file: <Images/STAMP4+5level(2)-eps-converted-to.p
df>
(epstopdf)                    date: 2019-04-28 10:37:46
(epstopdf)                    size: 51817 bytes
(epstopdf)             Command: <repstopdf --outfile=Images/STAMP4+5level(2)-ep
s-converted-to.pdf Images/STAMP4+5level(2).eps>
(epstopdf)             \includegraphics on input line 1002.
Package epstopdf Info: Output file is already uptodate.
<Images/STAMP4+5level(2)-eps-converted-to.pdf, id=76, 621.32124pt x 813.0375pt>

File: Images/STAMP4+5level(2)-eps-converted-to.pdf Graphic file (type pdf)
<use Images/STAMP4+5level(2)-eps-converted-to.pdf>
Package pdftex.def Info: Images/STAMP4+5level(2)-eps-converted-to.pdf  used on 
input line 1002.
(pdftex.def)             Requested size: 217.4657pt x 284.56738pt.
[9 <./Images/STAMP_SynchError-eps-converted-to.pdf>] [10 <./Images/STAMP2+3leve
l(3)-eps-converted-to.pdf> <./Images/STAMP4+5level(2)-eps-converted-to.pdf>]
(./A_wearable_fall-detection_system_based_on_BAN.bbl
Underfull \hbox (badness 2057) in paragraph at lines 43--45
[]\OT1/ppl/m/n/8.03 EsperTech, ``Es-pertech web-site,'' $http : / / www\OML/cmm
/m/it/8 :\OT1/ppl/m/n/8.03 espertech\OML/cmm/m/it/8 :\OT1/ppl/m/n/8.03 com /
 []

Missing character: There is no Ã in font pplr7t!
Missing character: There is no © in font pplr7t!
Missing character: There is no Ã in font pplr7t!
Missing character: There is no ± in font pplr7t!
Missing character: There is no Ã in font pplr7t!
Missing character: There is no ³ in font pplr7t!
Missing character: There is no Ã in font pplr7t!
Missing character: There is no ¡ in font pplr7t!
[11]
Missing character: There is no Ã in font pplr7t!
Missing character: There is no © in font pplr7t!
Missing character: There is no Ã in font pplr7t!
Missing character: There is no ± in font pplr7t!
)
Package epstopdf Info: Source file: <Images/luigi.eps>
(epstopdf)                    date: 2019-04-28 10:37:46
(epstopdf)                    size: 114714 bytes
(epstopdf)             Output file: <Images/luigi-eps-converted-to.pdf>
(epstopdf)                    date: 2019-04-28 10:37:46
(epstopdf)                    size: 16193 bytes
(epstopdf)             Command: <repstopdf --outfile=Images/luigi-eps-converted
-to.pdf Images/luigi.eps>
(epstopdf)             \includegraphics on input line 1257.
Package epstopdf Info: Output file is already uptodate.
<Images/luigi-eps-converted-to.pdf, id=96, 116.435pt x 149.55875pt>
File: Images/luigi-eps-converted-to.pdf Graphic file (type pdf)
<use Images/luigi-eps-converted-to.pdf>
Package pdftex.def Info: Images/luigi-eps-converted-to.pdf  used on input line 
1257.
(pdftex.def)             Requested size: 70.33057pt x 90.33841pt.
Package epstopdf Info: Source file: <Images/luigi.eps>
(epstopdf)                    date: 2019-04-28 10:37:46
(epstopdf)                    size: 114714 bytes
(epstopdf)             Output file: <Images/luigi-eps-converted-to.pdf>
(epstopdf)                    date: 2019-04-28 10:37:46
(epstopdf)                    size: 16193 bytes
(epstopdf)             Command: <repstopdf --outfile=Images/luigi-eps-converted
-to.pdf Images/luigi.eps>
(epstopdf)             \includegraphics on input line 1257.
Package epstopdf Info: Output file is already uptodate.
File: Images/luigi-eps-converted-to.pdf Graphic file (type pdf)
<use Images/luigi-eps-converted-to.pdf>
Package pdftex.def Info: Images/luigi-eps-converted-to.pdf  used on input line 
1257.
(pdftex.def)             Requested size: 70.33057pt x 90.33841pt.

Underfull \hbox (badness 1389) in paragraph at lines 1257--1259
\OT1/phv/m/n/8.03 2013 and his Mas-ter of Sci-ence de-gree in
 []

Package epstopdf Info: Source file: <Images/lorena.eps>
(epstopdf)                    date: 2019-04-28 10:37:46
(epstopdf)                    size: 341117 bytes
(epstopdf)             Output file: <Images/lorena-eps-converted-to.pdf>
(epstopdf)                    date: 2019-04-28 10:37:46
(epstopdf)                    size: 34345 bytes
(epstopdf)             Command: <repstopdf --outfile=Images/lorena-eps-converte
d-to.pdf Images/lorena.eps>
(epstopdf)             \includegraphics on input line 1260.
Package epstopdf Info: Output file is already uptodate.
<Images/lorena-eps-converted-to.pdf, id=99, 114.4275pt x 148.555pt>
File: Images/lorena-eps-converted-to.pdf Graphic file (type pdf)
<use Images/lorena-eps-converted-to.pdf>
Package pdftex.def Info: Images/lorena-eps-converted-to.pdf  used on input line
 1260.
(pdftex.def)             Requested size: 69.58765pt x 90.34186pt.
Package epstopdf Info: Source file: <Images/lorena.eps>
(epstopdf)                    date: 2019-04-28 10:37:46
(epstopdf)                    size: 341117 bytes
(epstopdf)             Output file: <Images/lorena-eps-converted-to.pdf>
(epstopdf)                    date: 2019-04-28 10:37:46
(epstopdf)                    size: 34345 bytes
(epstopdf)             Command: <repstopdf --outfile=Images/lorena-eps-converte
d-to.pdf Images/lorena.eps>
(epstopdf)             \includegraphics on input line 1260.
Package epstopdf Info: Output file is already uptodate.
File: Images/lorena-eps-converted-to.pdf Graphic file (type pdf)
<use Images/lorena-eps-converted-to.pdf>
Package pdftex.def Info: Images/lorena-eps-converted-to.pdf  used on input line
 1260.
(pdftex.def)             Requested size: 69.58765pt x 90.34186pt.
Package epstopdf Info: Source file: <Images/wagner.eps>
(epstopdf)                    date: 2019-04-28 10:37:46
(epstopdf)                    size: 194693 bytes
(epstopdf)             Output file: <Images/wagner-eps-converted-to.pdf>
(epstopdf)                    date: 2019-04-28 10:37:46
(epstopdf)                    size: 27002 bytes
(epstopdf)             Command: <repstopdf --outfile=Images/wagner-eps-converte
d-to.pdf Images/wagner.eps>
(epstopdf)             \includegraphics on input line 1263.
Package epstopdf Info: Output file is already uptodate.
<Images/wagner-eps-converted-to.pdf, id=102, 177.66376pt x 236.885pt>
File: Images/wagner-eps-converted-to.pdf Graphic file (type pdf)
<use Images/wagner-eps-converted-to.pdf>
Package pdftex.def Info: Images/wagner-eps-converted-to.pdf  used on input line
 1263.
(pdftex.def)             Requested size: 67.75148pt x 90.33531pt.
Package epstopdf Info: Source file: <Images/wagner.eps>
(epstopdf)                    date: 2019-04-28 10:37:46
(epstopdf)                    size: 194693 bytes
(epstopdf)             Output file: <Images/wagner-eps-converted-to.pdf>
(epstopdf)                    date: 2019-04-28 10:37:46
(epstopdf)                    size: 27002 bytes
(epstopdf)             Command: <repstopdf --outfile=Images/wagner-eps-converte
d-to.pdf Images/wagner.eps>
(epstopdf)             \includegraphics on input line 1263.
Package epstopdf Info: Output file is already uptodate.
File: Images/wagner-eps-converted-to.pdf Graphic file (type pdf)
<use Images/wagner-eps-converted-to.pdf>
Package pdftex.def Info: Images/wagner-eps-converted-to.pdf  used on input line
 1263.
(pdftex.def)             Requested size: 67.75148pt x 90.33531pt.
Missing character: There is no Ã in font phvr7t!
Missing character: There is no ¤ in font phvr7t!
Missing character: There is no Ã in font phvr7t!
Missing character: There is no   in font phvr7t!
Package epstopdf Info: Source file: <Images/inma.eps>
(epstopdf)                    date: 2019-04-28 10:37:46
(epstopdf)                    size: 243246 bytes
(epstopdf)             Output file: <Images/inma-eps-converted-to.pdf>
(epstopdf)                    date: 2019-04-28 10:37:46
(epstopdf)                    size: 34410 bytes
(epstopdf)             Command: <repstopdf --outfile=Images/inma-eps-converted-
to.pdf Images/inma.eps>
(epstopdf)             \includegraphics on input line 1266.
Package epstopdf Info: Output file is already uptodate.
<Images/inma-eps-converted-to.pdf, id=105, 177.66376pt x 230.8625pt>
File: Images/inma-eps-converted-to.pdf Graphic file (type pdf)
<use Images/inma-eps-converted-to.pdf>
Package pdftex.def Info: Images/inma-eps-converted-to.pdf  used on input line 1
266.
(pdftex.def)             Requested size: 69.51901pt x 90.33543pt.
Package epstopdf Info: Source file: <Images/inma.eps>
(epstopdf)                    date: 2019-04-28 10:37:46
(epstopdf)                    size: 243246 bytes
(epstopdf)             Output file: <Images/inma-eps-converted-to.pdf>
(epstopdf)                    date: 2019-04-28 10:37:46
(epstopdf)                    size: 34410 bytes
(epstopdf)             Command: <repstopdf --outfile=Images/inma-eps-converted-
to.pdf Images/inma.eps>
(epstopdf)             \includegraphics on input line 1266.
Package epstopdf Info: Output file is already uptodate.
File: Images/inma-eps-converted-to.pdf Graphic file (type pdf)
<use Images/inma-eps-converted-to.pdf>
Package pdftex.def Info: Images/inma-eps-converted-to.pdf  used on input line 1
266.
(pdftex.def)             Requested size: 69.51901pt x 90.33543pt.
[12 <./Images/luigi-eps-converted-to.pdf> <./Images/lorena-eps-converted-to.pdf
> <./Images/wagner-eps-converted-to.pdf> <./Images/inma-eps-converted-to.pdf>]
(./A_wearable_fall-detection_system_based_on_BAN.aux) ) 
Here is how much of TeX's memory you used:
 5942 strings out of 494211
 89939 string characters out of 6161110
 311016 words of memory out of 5000000
 9170 multiletter control sequences out of 15000+600000
 55873 words of font info for 124 fonts, out of 8000000 for 9000
 424 hyphenation exceptions out of 8191
 41i,10n,51p,2020b,1574s stack positions out of 5000i,500n,10000p,200000b,80000s
{/usr/share/texlive/texm
f-dist/fonts/enc/dvips/base/8r.enc}</usr/share/texlive/texmf-dist/fonts/type1/p
ublic/amsfonts/cm/cmbsy10.pfb></usr/share/texlive/texmf-dist/fonts/type1/public
/amsfonts/cmextra/cmbsy7.pfb></usr/share/texlive/texmf-dist/fonts/type1/public/
amsfonts/cm/cmex10.pfb></usr/share/texlive/texmf-dist/fonts/type1/public/amsfon
ts/cm/cmmi10.pfb></usr/share/texlive/texmf-dist/fonts/type1/public/amsfonts/cm/
cmmi7.pfb></usr/share/texlive/texmf-dist/fonts/type1/public/amsfonts/cm/cmmi8.p
fb></usr/share/texlive/texmf-dist/fonts/type1/public/amsfonts/cm/cmmib10.pfb></
usr/share/texlive/texmf-dist/fonts/type1/public/amsfonts/cmextra/cmmib7.pfb></u
sr/share/texlive/texmf-dist/fonts/type1/public/amsfonts/cm/cmr10.pfb></usr/shar
e/texlive/texmf-dist/fonts/type1/public/amsfonts/cm/cmr7.pfb></usr/share/texliv
e/texmf-dist/fonts/type1/public/amsfonts/cm/cmsy10.pfb></usr/share/texlive/texm
f-dist/fonts/type1/public/amsfonts/cm/cmsy7.pfb></usr/share/texlive/texmf-dist/
fonts/type1/public/amsfonts/cm/cmsy8.pfb></usr/share/texlive/texmf-dist/fonts/t
ype1/urw/courier/ucrb8a.pfb></usr/share/texlive/texmf-dist/fonts/type1/urw/cour
ier/ucrr8a.pfb></usr/share/texlive/texmf-dist/fonts/type1/urw/courier/ucrro8a.p
fb></usr/share/texlive/texmf-dist/fonts/type1/urw/helvetic/uhvb8a.pfb></usr/sha
re/texlive/texmf-dist/fonts/type1/urw/helvetic/uhvr8a.pfb></usr/share/texlive/t
exmf-dist/fonts/type1/urw/helvetic/uhvro8a.pfb></usr/share/texlive/texmf-dist/f
onts/type1/urw/palatino/uplb8a.pfb></usr/share/texlive/texmf-dist/fonts/type1/u
rw/palatino/uplr8a.pfb></usr/share/texlive/texmf-dist/fonts/type1/urw/palatino/
uplri8a.pfb></usr/share/texlive/texmf-dist/fonts/type1/urw/zapfding/uzdr.pfb>
Output written on A_wearable_fall-detection_system_based_on_BAN.pdf (12 pages, 
1889002 bytes).
PDF statistics:
 201 PDF objects out of 1000 (max. 8388607)
 119 compressed objects within 2 object streams
 0 named destinations out of 1000 (max. 500000)
 139 words of extra memory for PDF output out of 10000 (max. 10000000)

